{"numTotalTestSuites":2,"numPassedTestSuites":2,"numFailedTestSuites":0,"numPendingTestSuites":0,"numTotalTests":4,"numPassedTests":4,"numFailedTests":0,"numPendingTests":0,"numTodoTests":0,"snapshot":{"added":0,"failure":false,"filesAdded":0,"filesRemoved":0,"filesRemovedList":[],"filesUnmatched":0,"filesUpdated":0,"matched":0,"total":0,"unchecked":0,"uncheckedKeysByFile":[],"unmatched":0,"updated":0,"didUpdate":false},"startTime":1742236224320,"success":true,"testResults":[{"assertionResults":[{"ancestorTitles":["@module-federation/vite-runtime"],"fullName":"@module-federation/vite-runtime exports init","status":"passed","title":"exports init","duration":3.2664350000000013,"failureMessages":[],"meta":{}},{"ancestorTitles":["@module-federation/vite-runtime"],"fullName":"@module-federation/vite-runtime exports loadRemote","status":"passed","title":"exports loadRemote","duration":0.48602200000004814,"failureMessages":[],"meta":{}},{"ancestorTitles":["@module-federation/vite-runtime"],"fullName":"@module-federation/vite-runtime exports loadShare","status":"passed","title":"exports loadShare","duration":0.3628370000000132,"failureMessages":[],"meta":{}},{"ancestorTitles":["@module-federation/vite-runtime"],"fullName":"@module-federation/vite-runtime excludes the eval call","status":"passed","title":"excludes the eval call","duration":0.5650779999999713,"failureMessages":[],"meta":{}}],"startTime":1742236225299,"endTime":1742236225303.5652,"status":"passed","message":"","name":"/home/sunset/dev/vite/module-federation-vite/packages/module-federation-vite-runtime/e2e/exports.spec.ts"}]}